test_factorial (__main__.TestExercice) ... FAIL
test_prefixes (__main__.TestExercice) ... ok
test_summation (__main__.TestExercice) ... ERROR

======================================================================
ERROR: test_summation (__main__.TestExercice)
----------------------------------------------------------------------
Traceback (most recent call last):
  File "test_exercice.py", line 33, in test_summation
    output = exercice.prime_integer_summation()
  File "/home/runner/work/c01_ch5_exercices-domlessard/c01_ch5_exercices-domlessard/exercice.py", line 41, in prime_integer_summation
    return sum(prime)
TypeError: 'bool' object is not iterable

======================================================================
FAIL: test_factorial (__main__.TestExercice)
----------------------------------------------------------------------
Traceback (most recent call last):
  File "test_exercice.py", line 50, in test_factorial
    'Erreur dans le remplacement de caractère'
AssertionError: Lists differ: [0, 0, 0, 0] != [1, 6, 40320, 3628800]

First differing element 0:
0
1

- [0, 0, 0, 0]
+ [1, 6, 40320, 3628800] : Erreur dans le remplacement de caractère

----------------------------------------------------------------------
Ran 3 tests in 0.001s

FAILED (failures=1, errors=1)
